<?xml version="1.0" encoding="UTF-8"?>
<!-- Generated by org.testng.reporters.JUnitXMLReporter -->
<testsuite hostname="hydws102709" name="Memdesk Login" tests="2" failures="1" timestamp="11 Sep 2019 13:33:07 GMT" time="92.695" errors="0">
  <testcase name="verifyMemberId" time="23.57" classname="com.qa.memdesk.testcases.HomePageTest">
    <failure type="java.lang.AssertionError" message="expected [jfaux_hh_testing] but found []">
      <![CDATA[java.lang.AssertionError: expected [jfaux_hh_testing] but found []
	at com.qa.memdesk.testcases.HomePageTest.verifyMemberId(HomePageTest.java:32)
... Removed 29 stack frames]]>
    </failure>
  </testcase> <!-- verifyMemberId -->
  <testcase name="verifyContactPhone" time="3.844" classname="com.qa.memdesk.testcases.HomePageTest"/>
</testsuite> <!-- Memdesk Login -->
